time="2021-12-24T14:58:58+10:00" level=info msg="crate router" func=main.main file="main.go:27"
time="2021-12-24T14:58:58+10:00" level=info msg="crate router" func=main.main file="main.go:27"
time="2021-12-24T14:58:58+10:00" level=info msg="read application configuration" func=github.com/zhashkevych/todo-app/modules/config.GetConfig.func1 file="config.go:45"
time="2021-12-24T14:58:58+10:00" level=info msg="read application configuration" func=github.com/zhashkevych/todo-app/modules/config.GetConfig.func1 file="config.go:45"
time="2021-12-24T14:58:58+10:00" level=info msg="registr user handler" func=main.main file="main.go:38"
time="2021-12-24T14:58:58+10:00" level=info msg="registr user handler" func=main.main file="main.go:38"
time="2021-12-24T14:58:58+10:00" level=info msg="start aplication" func=main.start file="main.go:55"
time="2021-12-24T14:58:58+10:00" level=info msg="start aplication" func=main.start file="main.go:55"
time="2021-12-24T14:58:58+10:00" level=info msg="listen tcp" func=main.start file="main.go:82"
time="2021-12-24T14:58:58+10:00" level=info msg="listen tcp" func=main.start file="main.go:82"
time="2021-12-24T14:58:58+10:00" level=info msg="server is listening port 127.0.0.1:9000" func=main.start file="main.go:84"
time="2021-12-24T14:58:58+10:00" level=info msg="server is listening port 127.0.0.1:9000" func=main.start file="main.go:84"
time="2021-12-24T14:58:58+10:00" level=info msg="listen tcp 127.0.0.1:9000: bind: An attempt was made to access a socket in a way forbidden by its access permissions." func=main.start file="main.go:88"
time="2021-12-24T14:58:58+10:00" level=info msg="listen tcp 127.0.0.1:9000: bind: An attempt was made to access a socket in a way forbidden by its access permissions." func=main.start file="main.go:88"
time="2021-12-24T14:59:24+10:00" level=info msg="crate router" func=main.main file="main.go:27"
time="2021-12-24T14:59:24+10:00" level=info msg="crate router" func=main.main file="main.go:27"
time="2021-12-24T14:59:24+10:00" level=info msg="read application configuration" func=github.com/zhashkevych/todo-app/modules/config.GetConfig.func1 file="config.go:45"
time="2021-12-24T14:59:24+10:00" level=info msg="read application configuration" func=github.com/zhashkevych/todo-app/modules/config.GetConfig.func1 file="config.go:45"
time="2021-12-24T14:59:24+10:00" level=info msg="registr user handler" func=main.main file="main.go:38"
time="2021-12-24T14:59:24+10:00" level=info msg="registr user handler" func=main.main file="main.go:38"
time="2021-12-24T14:59:24+10:00" level=info msg="start aplication" func=main.start file="main.go:55"
time="2021-12-24T14:59:24+10:00" level=info msg="start aplication" func=main.start file="main.go:55"
time="2021-12-24T14:59:24+10:00" level=info msg="listen tcp" func=main.start file="main.go:82"
time="2021-12-24T14:59:24+10:00" level=info msg="listen tcp" func=main.start file="main.go:82"
time="2021-12-24T14:59:24+10:00" level=info msg="server is listening port 127.0.0.1:9001" func=main.start file="main.go:84"
time="2021-12-24T14:59:24+10:00" level=info msg="server is listening port 127.0.0.1:9001" func=main.start file="main.go:84"
time="2021-12-24T15:40:46+10:00" level=info msg="crate router" func=main.main file="main.go:27"
time="2021-12-24T15:40:46+10:00" level=info msg="crate router" func=main.main file="main.go:27"
time="2021-12-24T15:40:46+10:00" level=info msg="read application configuration" func=github.com/zhashkevych/todo-app/modules/config.GetConfig.func1 file="config.go:45"
time="2021-12-24T15:40:46+10:00" level=info msg="read application configuration" func=github.com/zhashkevych/todo-app/modules/config.GetConfig.func1 file="config.go:45"
time="2021-12-24T15:40:46+10:00" level=info msg="registr user handler" func=main.main file="main.go:38"
time="2021-12-24T15:40:46+10:00" level=info msg="registr user handler" func=main.main file="main.go:38"
time="2021-12-24T15:40:46+10:00" level=info msg="start aplication" func=main.start file="main.go:55"
time="2021-12-24T15:40:46+10:00" level=info msg="start aplication" func=main.start file="main.go:55"
time="2021-12-24T15:40:46+10:00" level=info msg="listen tcp" func=main.start file="main.go:82"
time="2021-12-24T15:40:46+10:00" level=info msg="listen tcp" func=main.start file="main.go:82"
time="2021-12-24T15:40:46+10:00" level=info msg="server is listening port 127.0.0.1:9002" func=main.start file="main.go:84"
time="2021-12-24T15:40:46+10:00" level=info msg="server is listening port 127.0.0.1:9002" func=main.start file="main.go:84"
time="2021-12-24T15:40:46+10:00" level=info msg="listen tcp 127.0.0.1:9002: bind: An attempt was made to access a socket in a way forbidden by its access permissions." func=main.start file="main.go:88"
time="2021-12-24T15:40:46+10:00" level=info msg="listen tcp 127.0.0.1:9002: bind: An attempt was made to access a socket in a way forbidden by its access permissions." func=main.start file="main.go:88"
time="2021-12-24T15:41:42+10:00" level=info msg="crate router" func=main.main file="main.go:27"
time="2021-12-24T15:41:42+10:00" level=info msg="crate router" func=main.main file="main.go:27"
time="2021-12-24T15:41:42+10:00" level=info msg="read application configuration" func=github.com/zhashkevych/todo-app/modules/config.GetConfig.func1 file="config.go:45"
time="2021-12-24T15:41:42+10:00" level=info msg="read application configuration" func=github.com/zhashkevych/todo-app/modules/config.GetConfig.func1 file="config.go:45"
time="2021-12-24T15:41:42+10:00" level=info msg="registr user handler" func=main.main file="main.go:38"
time="2021-12-24T15:41:42+10:00" level=info msg="registr user handler" func=main.main file="main.go:38"
time="2021-12-24T15:41:42+10:00" level=info msg="start aplication" func=main.start file="main.go:55"
time="2021-12-24T15:41:42+10:00" level=info msg="start aplication" func=main.start file="main.go:55"
time="2021-12-24T15:41:42+10:00" level=info msg="listen tcp" func=main.start file="main.go:82"
time="2021-12-24T15:41:42+10:00" level=info msg="listen tcp" func=main.start file="main.go:82"
time="2021-12-24T15:41:42+10:00" level=info msg="server is listening port 127.0.0.1:9001" func=main.start file="main.go:84"
time="2021-12-24T15:41:42+10:00" level=info msg="server is listening port 127.0.0.1:9001" func=main.start file="main.go:84"
time="2021-12-27T15:58:08+10:00" level=info msg="crate router" func=main.main file="main.go:27"
time="2021-12-27T15:58:08+10:00" level=info msg="crate router" func=main.main file="main.go:27"
time="2021-12-27T15:58:08+10:00" level=info msg="read application configuration" func=github.com/zhashkevych/todo-app/modules/config.GetConfig.func1 file="config.go:45"
time="2021-12-27T15:58:08+10:00" level=info msg="read application configuration" func=github.com/zhashkevych/todo-app/modules/config.GetConfig.func1 file="config.go:45"
time="2021-12-27T15:58:08+10:00" level=info msg="registr user handler" func=main.main file="main.go:39"
time="2021-12-27T15:58:08+10:00" level=info msg="registr user handler" func=main.main file="main.go:39"
time="2021-12-27T15:58:08+10:00" level=info msg="start aplication" func=main.start file="main.go:56"
time="2021-12-27T15:58:08+10:00" level=info msg="start aplication" func=main.start file="main.go:56"
time="2021-12-27T15:58:08+10:00" level=info msg="listen tcp" func=main.start file="main.go:83"
time="2021-12-27T15:58:08+10:00" level=info msg="listen tcp" func=main.start file="main.go:83"
time="2021-12-27T15:58:09+10:00" level=info msg="server is listening port 127.0.0.1:9001" func=main.start file="main.go:85"
time="2021-12-27T15:58:09+10:00" level=info msg="server is listening port 127.0.0.1:9001" func=main.start file="main.go:85"
time="2021-12-28T12:34:21+10:00" level=info msg="crate router" func=main.main file="main.go:27"
time="2021-12-28T12:34:21+10:00" level=info msg="crate router" func=main.main file="main.go:27"
time="2021-12-28T12:34:21+10:00" level=info msg="read application configuration" func=github.com/zhashkevych/todo-app/modules/config.GetConfig.func1 file="config.go:45"
time="2021-12-28T12:34:21+10:00" level=info msg="read application configuration" func=github.com/zhashkevych/todo-app/modules/config.GetConfig.func1 file="config.go:45"
time="2021-12-28T12:34:21+10:00" level=info msg="registr user handler" func=main.main file="main.go:39"
time="2021-12-28T12:34:21+10:00" level=info msg="registr user handler" func=main.main file="main.go:39"
time="2021-12-28T12:34:21+10:00" level=info msg="start aplication" func=main.start file="main.go:56"
time="2021-12-28T12:34:21+10:00" level=info msg="start aplication" func=main.start file="main.go:56"
time="2021-12-28T12:34:21+10:00" level=info msg="listen tcp" func=main.start file="main.go:83"
time="2021-12-28T12:34:21+10:00" level=info msg="listen tcp" func=main.start file="main.go:83"
time="2021-12-28T12:34:21+10:00" level=info msg="server is listening port 127.0.0.1:9001" func=main.start file="main.go:85"
time="2021-12-28T12:34:21+10:00" level=info msg="server is listening port 127.0.0.1:9001" func=main.start file="main.go:85"
time="2021-12-28T12:35:43+10:00" level=info msg="crate router" func=main.main file="main.go:27"
time="2021-12-28T12:35:43+10:00" level=info msg="crate router" func=main.main file="main.go:27"
time="2021-12-28T12:35:43+10:00" level=info msg="read application configuration" func=github.com/zhashkevych/todo-app/modules/config.GetConfig.func1 file="config.go:45"
time="2021-12-28T12:35:43+10:00" level=info msg="read application configuration" func=github.com/zhashkevych/todo-app/modules/config.GetConfig.func1 file="config.go:45"
time="2021-12-28T12:36:07+10:00" level=info msg="registr user handler" func=main.main file="main.go:41"
time="2021-12-28T12:36:07+10:00" level=info msg="registr user handler" func=main.main file="main.go:41"
time="2021-12-28T12:36:07+10:00" level=info msg="start aplication" func=main.start file="main.go:58"
time="2021-12-28T12:36:07+10:00" level=info msg="start aplication" func=main.start file="main.go:58"
time="2021-12-28T12:36:07+10:00" level=info msg="listen tcp" func=main.start file="main.go:85"
time="2021-12-28T12:36:07+10:00" level=info msg="listen tcp" func=main.start file="main.go:85"
time="2021-12-28T12:36:07+10:00" level=info msg="server is listening port 127.0.0.1:9001" func=main.start file="main.go:87"
time="2021-12-28T12:36:07+10:00" level=info msg="server is listening port 127.0.0.1:9001" func=main.start file="main.go:87"
time="2021-12-28T12:36:18+10:00" level=info msg="crate router" func=main.main file="main.go:27"
time="2021-12-28T12:36:18+10:00" level=info msg="crate router" func=main.main file="main.go:27"
time="2021-12-28T12:36:18+10:00" level=info msg="read application configuration" func=github.com/zhashkevych/todo-app/modules/config.GetConfig.func1 file="config.go:45"
time="2021-12-28T12:36:18+10:00" level=info msg="read application configuration" func=github.com/zhashkevych/todo-app/modules/config.GetConfig.func1 file="config.go:45"
time="2021-12-28T12:36:30+10:00" level=info msg="registr user handler" func=main.main file="main.go:41"
time="2021-12-28T12:36:30+10:00" level=info msg="registr user handler" func=main.main file="main.go:41"
time="2021-12-28T12:36:30+10:00" level=info msg="start aplication" func=main.start file="main.go:58"
time="2021-12-28T12:36:30+10:00" level=info msg="start aplication" func=main.start file="main.go:58"
time="2021-12-28T12:36:30+10:00" level=info msg="listen tcp" func=main.start file="main.go:85"
time="2021-12-28T12:36:30+10:00" level=info msg="listen tcp" func=main.start file="main.go:85"
time="2021-12-28T12:36:30+10:00" level=info msg="server is listening port 127.0.0.1:9001" func=main.start file="main.go:87"
time="2021-12-28T12:36:30+10:00" level=info msg="server is listening port 127.0.0.1:9001" func=main.start file="main.go:87"
time="2021-12-28T12:36:55+10:00" level=info msg="crate router" func=main.main file="main.go:27"
time="2021-12-28T12:36:55+10:00" level=info msg="crate router" func=main.main file="main.go:27"
time="2021-12-28T12:36:55+10:00" level=info msg="read application configuration" func=github.com/zhashkevych/todo-app/modules/config.GetConfig.func1 file="config.go:45"
time="2021-12-28T12:36:55+10:00" level=info msg="read application configuration" func=github.com/zhashkevych/todo-app/modules/config.GetConfig.func1 file="config.go:45"
time="2021-12-28T12:39:24+10:00" level=info msg="crate router" func=main.main file="main.go:26"
time="2021-12-28T12:39:24+10:00" level=info msg="crate router" func=main.main file="main.go:26"
time="2021-12-28T12:39:24+10:00" level=info msg="read application configuration" func=github.com/zhashkevych/todo-app/modules/config.GetConfig.func1 file="config.go:45"
time="2021-12-28T12:39:24+10:00" level=info msg="read application configuration" func=github.com/zhashkevych/todo-app/modules/config.GetConfig.func1 file="config.go:45"
time="2021-12-28T12:39:24+10:00" level=info msg="registr user handler" func=main.main file="main.go:37"
time="2021-12-28T12:39:24+10:00" level=info msg="registr user handler" func=main.main file="main.go:37"
time="2021-12-28T12:39:24+10:00" level=info msg="start aplication" func=main.start file="main.go:54"
time="2021-12-28T12:39:24+10:00" level=info msg="start aplication" func=main.start file="main.go:54"
time="2021-12-28T12:39:24+10:00" level=info msg="listen tcp" func=main.start file="main.go:81"
time="2021-12-28T12:39:24+10:00" level=info msg="listen tcp" func=main.start file="main.go:81"
time="2021-12-28T12:39:24+10:00" level=info msg="server is listening port 127.0.0.1:9001" func=main.start file="main.go:83"
time="2021-12-28T12:39:24+10:00" level=info msg="server is listening port 127.0.0.1:9001" func=main.start file="main.go:83"
time="2021-12-30T22:22:28+10:00" level=info msg="crate router" func=main.main file="main.go:27"
time="2021-12-30T22:22:28+10:00" level=info msg="crate router" func=main.main file="main.go:27"
time="2021-12-30T22:22:28+10:00" level=info msg="read application configuration" func=github.com/zhashkevych/todo-app/modules/config.GetConfig.func1 file="config.go:45"
time="2021-12-30T22:22:28+10:00" level=info msg="read application configuration" func=github.com/zhashkevych/todo-app/modules/config.GetConfig.func1 file="config.go:45"
time="2021-12-30T22:22:28+10:00" level=info msg="registr user handler" func=main.main file="main.go:38"
time="2021-12-30T22:22:28+10:00" level=info msg="registr user handler" func=main.main file="main.go:38"
time="2021-12-30T22:22:28+10:00" level=info msg="start aplication" func=main.start file="main.go:55"
time="2021-12-30T22:22:28+10:00" level=info msg="start aplication" func=main.start file="main.go:55"
time="2021-12-30T22:22:28+10:00" level=info msg="listen tcp" func=main.start file="main.go:82"
time="2021-12-30T22:22:28+10:00" level=info msg="listen tcp" func=main.start file="main.go:82"
time="2021-12-30T22:22:28+10:00" level=info msg="server is listening port 127.0.0.1:9001" func=main.start file="main.go:84"
time="2021-12-30T22:22:28+10:00" level=info msg="server is listening port 127.0.0.1:9001" func=main.start file="main.go:84"
time="2022-01-02T18:58:56+10:00" level=info msg="crate router" func=main.main file="main.go:27"
time="2022-01-02T18:58:56+10:00" level=info msg="crate router" func=main.main file="main.go:27"
time="2022-01-02T18:58:56+10:00" level=info msg="read application configuration" func=github.com/zhashkevych/todo-app/modules/config.GetConfig.func1 file="config.go:46"
time="2022-01-02T18:58:56+10:00" level=info msg="read application configuration" func=github.com/zhashkevych/todo-app/modules/config.GetConfig.func1 file="config.go:46"
time="2022-01-02T18:58:56+10:00" level=info msg="registr user handler" func=main.main file="main.go:38"
time="2022-01-02T18:58:56+10:00" level=info msg="registr user handler" func=main.main file="main.go:38"
time="2022-01-02T18:58:56+10:00" level=info msg="start aplication" func=main.start file="main.go:55"
time="2022-01-02T18:58:56+10:00" level=info msg="start aplication" func=main.start file="main.go:55"
time="2022-01-02T18:58:56+10:00" level=info msg="listen tcp" func=main.start file="main.go:83"
time="2022-01-02T18:58:56+10:00" level=info msg="listen tcp" func=main.start file="main.go:83"
time="2022-01-02T18:58:56+10:00" level=info msg="server is listening port 127.0.0.1:9001" func=main.start file="main.go:85"
time="2022-01-02T18:58:56+10:00" level=info msg="server is listening port 127.0.0.1:9001" func=main.start file="main.go:85"
time="2022-01-02T19:13:12+10:00" level=info msg="crate router" func=main.main file="main.go:27"
time="2022-01-02T19:13:12+10:00" level=info msg="crate router" func=main.main file="main.go:27"
time="2022-01-02T19:13:12+10:00" level=info msg="read application configuration" func=github.com/zhashkevych/todo-app/modules/config.GetConfig.func1 file="config.go:46"
time="2022-01-02T19:13:12+10:00" level=info msg="read application configuration" func=github.com/zhashkevych/todo-app/modules/config.GetConfig.func1 file="config.go:46"
time="2022-01-02T19:13:12+10:00" level=info msg="registr user handler" func=main.main file="main.go:38"
time="2022-01-02T19:13:12+10:00" level=info msg="registr user handler" func=main.main file="main.go:38"
time="2022-01-02T19:13:12+10:00" level=info msg="start aplication" func=main.start file="main.go:55"
time="2022-01-02T19:13:12+10:00" level=info msg="start aplication" func=main.start file="main.go:55"
time="2022-01-02T19:13:12+10:00" level=info msg="listen tcp" func=main.start file="main.go:83"
time="2022-01-02T19:13:12+10:00" level=info msg="listen tcp" func=main.start file="main.go:83"
time="2022-01-02T19:13:13+10:00" level=info msg="server is listening port 127.0.0.1:9001" func=main.start file="main.go:85"
time="2022-01-02T19:13:13+10:00" level=info msg="server is listening port 127.0.0.1:9001" func=main.start file="main.go:85"
time="2022-01-03T01:29:38+10:00" level=info msg="crate router" func=main.main file="main.go:27"
time="2022-01-03T01:29:38+10:00" level=info msg="crate router" func=main.main file="main.go:27"
time="2022-01-03T01:29:38+10:00" level=info msg="read application configuration" func=github.com/zhashkevych/todo-app/modules/config.GetConfig.func1 file="config.go:46"
time="2022-01-03T01:29:38+10:00" level=info msg="read application configuration" func=github.com/zhashkevych/todo-app/modules/config.GetConfig.func1 file="config.go:46"
time="2022-01-03T01:29:38+10:00" level=info msg="registr user handler" func=main.main file="main.go:38"
time="2022-01-03T01:29:38+10:00" level=info msg="registr user handler" func=main.main file="main.go:38"
time="2022-01-03T01:29:38+10:00" level=info msg="start aplication" func=main.start file="main.go:55"
time="2022-01-03T01:29:38+10:00" level=info msg="start aplication" func=main.start file="main.go:55"
time="2022-01-03T01:29:38+10:00" level=info msg="listen tcp" func=main.start file="main.go:83"
time="2022-01-03T01:29:38+10:00" level=info msg="listen tcp" func=main.start file="main.go:83"
time="2022-01-03T01:29:38+10:00" level=info msg="server is listening port 127.0.0.1:9001" func=main.start file="main.go:85"
time="2022-01-03T01:29:38+10:00" level=info msg="server is listening port 127.0.0.1:9001" func=main.start file="main.go:85"
time="2022-01-03T01:32:45+10:00" level=info msg="crate router" func=main.main file="main.go:27"
time="2022-01-03T01:32:45+10:00" level=info msg="crate router" func=main.main file="main.go:27"
time="2022-01-03T01:32:45+10:00" level=info msg="read application configuration" func=github.com/zhashkevych/todo-app/modules/config.GetConfig.func1 file="config.go:46"
time="2022-01-03T01:32:45+10:00" level=info msg="read application configuration" func=github.com/zhashkevych/todo-app/modules/config.GetConfig.func1 file="config.go:46"
time="2022-01-03T01:32:45+10:00" level=info msg="registr user handler" func=main.main file="main.go:38"
time="2022-01-03T01:32:45+10:00" level=info msg="registr user handler" func=main.main file="main.go:38"
time="2022-01-03T01:32:45+10:00" level=info msg="start aplication" func=main.start file="main.go:55"
time="2022-01-03T01:32:45+10:00" level=info msg="start aplication" func=main.start file="main.go:55"
time="2022-01-03T01:32:45+10:00" level=info msg="listen tcp" func=main.start file="main.go:83"
time="2022-01-03T01:32:45+10:00" level=info msg="listen tcp" func=main.start file="main.go:83"
time="2022-01-03T01:32:45+10:00" level=info msg="server is listening port 127.0.0.1:9001" func=main.start file="main.go:85"
time="2022-01-03T01:32:45+10:00" level=info msg="server is listening port 127.0.0.1:9001" func=main.start file="main.go:85"
time="2022-01-03T01:33:17+10:00" level=info msg="crate router" func=main.main file="main.go:27"
time="2022-01-03T01:33:17+10:00" level=info msg="crate router" func=main.main file="main.go:27"
time="2022-01-03T01:33:17+10:00" level=info msg="read application configuration" func=github.com/zhashkevych/todo-app/modules/config.GetConfig.func1 file="config.go:46"
time="2022-01-03T01:33:17+10:00" level=info msg="read application configuration" func=github.com/zhashkevych/todo-app/modules/config.GetConfig.func1 file="config.go:46"
time="2022-01-03T01:33:17+10:00" level=info msg="registr user handler" func=main.main file="main.go:38"
time="2022-01-03T01:33:17+10:00" level=info msg="registr user handler" func=main.main file="main.go:38"
time="2022-01-03T01:33:17+10:00" level=info msg="start aplication" func=main.start file="main.go:55"
time="2022-01-03T01:33:17+10:00" level=info msg="start aplication" func=main.start file="main.go:55"
time="2022-01-03T01:33:17+10:00" level=info msg="listen tcp" func=main.start file="main.go:83"
time="2022-01-03T01:33:17+10:00" level=info msg="listen tcp" func=main.start file="main.go:83"
time="2022-01-03T01:33:17+10:00" level=info msg="server is listening port 127.0.0.1:9001" func=main.start file="main.go:85"
time="2022-01-03T01:33:17+10:00" level=info msg="server is listening port 127.0.0.1:9001" func=main.start file="main.go:85"
